<?xml version="1.0" encoding="UTF-8"?>
<testng-results skipped="0" failed="0" ignored="0" total="1" passed="1">
  <reporter-output>
  </reporter-output>
  <suite name="Default suite" duration-ms="26355" started-at="2018-05-12T18:11:43Z" finished-at="2018-05-12T18:12:09Z">
    <groups>
    </groups>
    <test name="Default test" duration-ms="26355" started-at="2018-05-12T18:11:43Z" finished-at="2018-05-12T18:12:09Z">
      <class name="com.page.factory.UpsSecondPageDriver">
        <test-method status="PASS" signature="beforeMethod()[pri:0, instance:com.page.factory.UpsSecondPageDriver@57536d79]" name="beforeMethod" is-config="true" duration-ms="6098" started-at="2018-05-12T18:11:43Z" finished-at="2018-05-12T18:11:49Z">
          <reporter-output>
          </reporter-output>
        </test-method> <!-- beforeMethod -->
        <test-method status="PASS" signature="upsTrackingPageTest()[pri:0, instance:com.page.factory.UpsSecondPageDriver@57536d79]" name="upsTrackingPageTest" duration-ms="16941" started-at="2018-05-12T18:11:49Z" finished-at="2018-05-12T18:12:06Z">
          <reporter-output>
          </reporter-output>
        </test-method> <!-- upsTrackingPageTest -->
        <test-method status="PASS" signature="afterMethod()[pri:0, instance:com.page.factory.UpsSecondPageDriver@57536d79]" name="afterMethod" is-config="true" duration-ms="3256" started-at="2018-05-12T18:12:06Z" finished-at="2018-05-12T18:12:09Z">
          <reporter-output>
          </reporter-output>
        </test-method> <!-- afterMethod -->
      </class> <!-- com.page.factory.UpsSecondPageDriver -->
    </test> <!-- Default test -->
  </suite> <!-- Default suite -->
</testng-results>
